<?xml version="1.0" encoding="UTF-8"?>
<!-- Generated by org.testng.reporters.JUnitXMLReporter -->
<testsuite ignored="2" hostname="DESKTOP-F9SN8P7" failures="0" tests="4" name="Test" time="7.486" errors="0" timestamp="2021-11-26T21:38:49 IST">
  <testcase classname="com.crm.comcast.generalUtility.BaseAnnotationClass" name="@BeforeClass configBC" time="4.129">
    <failure type="org.openqa.selenium.SessionNotCreatedException" message="session not created: This version of ChromeDriver only supports Chrome version 94
Current browser version is 96.0.4664.45 with binary path C:\Program Files\Google\Chrome\Application\chrome.exe
Build info: version: &amp;apos;3.141.59&amp;apos;, revision: &amp;apos;e82be7d358&amp;apos;, time: &amp;apos;2018-11-14T08:17:03&amp;apos;
System info: host: &amp;apos;DESKTOP-F9SN8P7&amp;apos;, ip: &amp;apos;192.168.1.23&amp;apos;, os.name: &amp;apos;Windows 10&amp;apos;, os.arch: &amp;apos;amd64&amp;apos;, os.version: &amp;apos;10.0&amp;apos;, java.version: &amp;apos;16.0.1&amp;apos;
Driver info: driver.version: ChromeDriver
remote stacktrace: Backtrace:
	Ordinal0 [0x009DBDE3+2473443]
	Ordinal0 [0x00976661+2057825]
	Ordinal0 [0x00882438+1057848]
	Ordinal0 [0x008A054A+1181002]
	Ordinal0 [0x0089C435+1164341]
	Ordinal0 [0x00899CAF+1154223]
	Ordinal0 [0x008C9ADF+1350367]
	Ordinal0 [0x008C974A+1349450]
	Ordinal0 [0x008C55AB+1332651]
	Ordinal0 [0x008A2104+1188100]
	Ordinal0 [0x008A2F59+1191769]
	GetHandleVerifier [0x00B62266+1549718]
	GetHandleVerifier [0x00C0D4A7+2250711]
	GetHandleVerifier [0x00A6718B+521403]
	GetHandleVerifier [0x00A66229+517465]
	Ordinal0 [0x0097B79D+2078621]
	Ordinal0 [0x0097FB58+2095960]
	Ordinal0 [0x0097FC92+2096274]
	Ordinal0 [0x00989541+2135361]
	BaseThreadInitThunk [0x7630FA29+25]
	RtlGetAppContainerNamedObjectPath [0x77E77A9E+286]
	RtlGetAppContainerNamedObjectPath [0x77E77A6E+238]
">
      <![CDATA[org.openqa.selenium.SessionNotCreatedException: session not created: This version of ChromeDriver only supports Chrome version 94
Current browser version is 96.0.4664.45 with binary path C:\Program Files\Google\Chrome\Application\chrome.exe
Build info: version: '3.141.59', revision: 'e82be7d358', time: '2018-11-14T08:17:03'
System info: host: 'DESKTOP-F9SN8P7', ip: '192.168.1.23', os.name: 'Windows 10', os.arch: 'amd64', os.version: '10.0', java.version: '16.0.1'
Driver info: driver.version: ChromeDriver
remote stacktrace: Backtrace:
Ordinal0 [0x009DBDE3+2473443]
Ordinal0 [0x00976661+2057825]
Ordinal0 [0x00882438+1057848]
Ordinal0 [0x008A054A+1181002]
Ordinal0 [0x0089C435+1164341]
Ordinal0 [0x00899CAF+1154223]
Ordinal0 [0x008C9ADF+1350367]
Ordinal0 [0x008C974A+1349450]
Ordinal0 [0x008C55AB+1332651]
Ordinal0 [0x008A2104+1188100]
Ordinal0 [0x008A2F59+1191769]
GetHandleVerifier [0x00B62266+1549718]
GetHandleVerifier [0x00C0D4A7+2250711]
GetHandleVerifier [0x00A6718B+521403]
GetHandleVerifier [0x00A66229+517465]
Ordinal0 [0x0097B79D+2078621]
Ordinal0 [0x0097FB58+2095960]
Ordinal0 [0x0097FC92+2096274]
Ordinal0 [0x00989541+2135361]
BaseThreadInitThunk [0x7630FA29+25]
RtlGetAppContainerNamedObjectPath [0x77E77A9E+286]
RtlGetAppContainerNamedObjectPath [0x77E77A6E+238]

at org.openqa.selenium.remote.W3CHandshakeResponse.lambda$errorHandler$0(W3CHandshakeResponse.java:62)
at org.openqa.selenium.remote.HandshakeResponse.lambda$getResponseFunction$0(HandshakeResponse.java:30)
at org.openqa.selenium.remote.ProtocolHandshake.lambda$createSession$0(ProtocolHandshake.java:126)
at java.base/java.util.stream.ReferencePipeline$3$1.accept(ReferencePipeline.java:197)
at java.base/java.util.Spliterators$ArraySpliterator.tryAdvance(Spliterators.java:958)
at java.base/java.util.stream.ReferencePipeline.forEachWithCancel(ReferencePipeline.java:129)
at java.base/java.util.stream.AbstractPipeline.copyIntoWithCancel(AbstractPipeline.java:502)
at java.base/java.util.stream.AbstractPipeline.copyInto(AbstractPipeline.java:488)
at java.base/java.util.stream.AbstractPipeline.wrapAndCopyInto(AbstractPipeline.java:474)
at java.base/java.util.stream.FindOps$FindOp.evaluateSequential(FindOps.java:150)
at java.base/java.util.stream.AbstractPipeline.evaluate(AbstractPipeline.java:234)
at java.base/java.util.stream.ReferencePipeline.findFirst(ReferencePipeline.java:647)
at org.openqa.selenium.remote.ProtocolHandshake.createSession(ProtocolHandshake.java:128)
at org.openqa.selenium.remote.ProtocolHandshake.createSession(ProtocolHandshake.java:74)
at org.openqa.selenium.remote.HttpCommandExecutor.execute(HttpCommandExecutor.java:136)
at org.openqa.selenium.remote.service.DriverCommandExecutor.execute(DriverCommandExecutor.java:83)
at org.openqa.selenium.remote.RemoteWebDriver.execute(RemoteWebDriver.java:552)
at org.openqa.selenium.remote.RemoteWebDriver.startSession(RemoteWebDriver.java:213)
at org.openqa.selenium.remote.RemoteWebDriver.<init>(RemoteWebDriver.java:131)
at org.openqa.selenium.chrome.ChromeDriver.<init>(ChromeDriver.java:181)
at org.openqa.selenium.chrome.ChromeDriver.<init>(ChromeDriver.java:168)
at org.openqa.selenium.chrome.ChromeDriver.<init>(ChromeDriver.java:123)
at com.crm.comcast.generalUtility.BaseAnnotationClass.configBC(BaseAnnotationClass.java:48)
at java.base/java.util.ArrayList.forEach(ArrayList.java:1511)
... Removed 30 stack frames]]>
    </failure>
  </testcase> <!-- @BeforeClass configBC -->
  <testcase classname="com.crm.comcast.generalUtility.BaseAnnotationClass" name="@BeforeMethod configBM" time="-1.63794292633E9">
    <skipped/>
  </testcase> <!-- @BeforeMethod configBM -->
  <testcase classname="com.crm.comcast.generalUtility.BaseAnnotationClass" name="@AfterMethod configAM" time="-1.63794292637E9">
    <skipped/>
  </testcase> <!-- @AfterMethod configAM -->
  <testcase classname="com.crm.comcast.generalUtility.BaseAnnotationClass" name="@BeforeMethod configBM" time="-1.637942926379E9">
    <skipped/>
  </testcase> <!-- @BeforeMethod configBM -->
  <testcase classname="com.crm.comcast.generalUtility.BaseAnnotationClass" name="@AfterMethod configAM" time="-1.637942926394E9">
    <skipped/>
  </testcase> <!-- @AfterMethod configAM -->
  <testcase classname="com.crm.comcast.generalUtility.BaseAnnotationClass" name="@AfterClass configAC" time="-1.637942926401E9">
    <skipped/>
  </testcase> <!-- @AfterClass configAC -->
  <testcase classname="com.crm.comcast.generalUtility.BaseAnnotationClass" name="@BeforeClass configBC" time="2.693">
    <failure type="org.openqa.selenium.SessionNotCreatedException" message="session not created: This version of ChromeDriver only supports Chrome version 94
Current browser version is 96.0.4664.45 with binary path C:\Program Files\Google\Chrome\Application\chrome.exe
Build info: version: &amp;apos;3.141.59&amp;apos;, revision: &amp;apos;e82be7d358&amp;apos;, time: &amp;apos;2018-11-14T08:17:03&amp;apos;
System info: host: &amp;apos;DESKTOP-F9SN8P7&amp;apos;, ip: &amp;apos;192.168.1.23&amp;apos;, os.name: &amp;apos;Windows 10&amp;apos;, os.arch: &amp;apos;amd64&amp;apos;, os.version: &amp;apos;10.0&amp;apos;, java.version: &amp;apos;16.0.1&amp;apos;
Driver info: driver.version: ChromeDriver
remote stacktrace: Backtrace:
	Ordinal0 [0x009DBDE3+2473443]
	Ordinal0 [0x00976661+2057825]
	Ordinal0 [0x00882438+1057848]
	Ordinal0 [0x008A054A+1181002]
	Ordinal0 [0x0089C435+1164341]
	Ordinal0 [0x00899CAF+1154223]
	Ordinal0 [0x008C9ADF+1350367]
	Ordinal0 [0x008C974A+1349450]
	Ordinal0 [0x008C55AB+1332651]
	Ordinal0 [0x008A2104+1188100]
	Ordinal0 [0x008A2F59+1191769]
	GetHandleVerifier [0x00B62266+1549718]
	GetHandleVerifier [0x00C0D4A7+2250711]
	GetHandleVerifier [0x00A6718B+521403]
	GetHandleVerifier [0x00A66229+517465]
	Ordinal0 [0x0097B79D+2078621]
	Ordinal0 [0x0097FB58+2095960]
	Ordinal0 [0x0097FC92+2096274]
	Ordinal0 [0x00989541+2135361]
	BaseThreadInitThunk [0x7630FA29+25]
	RtlGetAppContainerNamedObjectPath [0x77E77A9E+286]
	RtlGetAppContainerNamedObjectPath [0x77E77A6E+238]
">
      <![CDATA[org.openqa.selenium.SessionNotCreatedException: session not created: This version of ChromeDriver only supports Chrome version 94
Current browser version is 96.0.4664.45 with binary path C:\Program Files\Google\Chrome\Application\chrome.exe
Build info: version: '3.141.59', revision: 'e82be7d358', time: '2018-11-14T08:17:03'
System info: host: 'DESKTOP-F9SN8P7', ip: '192.168.1.23', os.name: 'Windows 10', os.arch: 'amd64', os.version: '10.0', java.version: '16.0.1'
Driver info: driver.version: ChromeDriver
remote stacktrace: Backtrace:
Ordinal0 [0x009DBDE3+2473443]
Ordinal0 [0x00976661+2057825]
Ordinal0 [0x00882438+1057848]
Ordinal0 [0x008A054A+1181002]
Ordinal0 [0x0089C435+1164341]
Ordinal0 [0x00899CAF+1154223]
Ordinal0 [0x008C9ADF+1350367]
Ordinal0 [0x008C974A+1349450]
Ordinal0 [0x008C55AB+1332651]
Ordinal0 [0x008A2104+1188100]
Ordinal0 [0x008A2F59+1191769]
GetHandleVerifier [0x00B62266+1549718]
GetHandleVerifier [0x00C0D4A7+2250711]
GetHandleVerifier [0x00A6718B+521403]
GetHandleVerifier [0x00A66229+517465]
Ordinal0 [0x0097B79D+2078621]
Ordinal0 [0x0097FB58+2095960]
Ordinal0 [0x0097FC92+2096274]
Ordinal0 [0x00989541+2135361]
BaseThreadInitThunk [0x7630FA29+25]
RtlGetAppContainerNamedObjectPath [0x77E77A9E+286]
RtlGetAppContainerNamedObjectPath [0x77E77A6E+238]

at org.openqa.selenium.remote.W3CHandshakeResponse.lambda$errorHandler$0(W3CHandshakeResponse.java:62)
at org.openqa.selenium.remote.HandshakeResponse.lambda$getResponseFunction$0(HandshakeResponse.java:30)
at org.openqa.selenium.remote.ProtocolHandshake.lambda$createSession$0(ProtocolHandshake.java:126)
at java.base/java.util.stream.ReferencePipeline$3$1.accept(ReferencePipeline.java:197)
at java.base/java.util.Spliterators$ArraySpliterator.tryAdvance(Spliterators.java:958)
at java.base/java.util.stream.ReferencePipeline.forEachWithCancel(ReferencePipeline.java:129)
at java.base/java.util.stream.AbstractPipeline.copyIntoWithCancel(AbstractPipeline.java:502)
at java.base/java.util.stream.AbstractPipeline.copyInto(AbstractPipeline.java:488)
at java.base/java.util.stream.AbstractPipeline.wrapAndCopyInto(AbstractPipeline.java:474)
at java.base/java.util.stream.FindOps$FindOp.evaluateSequential(FindOps.java:150)
at java.base/java.util.stream.AbstractPipeline.evaluate(AbstractPipeline.java:234)
at java.base/java.util.stream.ReferencePipeline.findFirst(ReferencePipeline.java:647)
at org.openqa.selenium.remote.ProtocolHandshake.createSession(ProtocolHandshake.java:128)
at org.openqa.selenium.remote.ProtocolHandshake.createSession(ProtocolHandshake.java:74)
at org.openqa.selenium.remote.HttpCommandExecutor.execute(HttpCommandExecutor.java:136)
at org.openqa.selenium.remote.service.DriverCommandExecutor.execute(DriverCommandExecutor.java:83)
at org.openqa.selenium.remote.RemoteWebDriver.execute(RemoteWebDriver.java:552)
at org.openqa.selenium.remote.RemoteWebDriver.startSession(RemoteWebDriver.java:213)
at org.openqa.selenium.remote.RemoteWebDriver.<init>(RemoteWebDriver.java:131)
at org.openqa.selenium.chrome.ChromeDriver.<init>(ChromeDriver.java:181)
at org.openqa.selenium.chrome.ChromeDriver.<init>(ChromeDriver.java:168)
at org.openqa.selenium.chrome.ChromeDriver.<init>(ChromeDriver.java:123)
at com.crm.comcast.generalUtility.BaseAnnotationClass.configBC(BaseAnnotationClass.java:48)
at java.base/java.util.ArrayList.forEach(ArrayList.java:1511)
... Removed 30 stack frames]]>
    </failure>
  </testcase> <!-- @BeforeClass configBC -->
  <testcase classname="com.crm.comcast.generalUtility.BaseAnnotationClass" name="@BeforeMethod configBM" time="-1.637942929108E9">
    <skipped/>
  </testcase> <!-- @BeforeMethod configBM -->
  <testcase classname="com.crm.comcast.generalUtility.BaseAnnotationClass" name="@AfterMethod configAM" time="-1.637942929123E9">
    <skipped/>
  </testcase> <!-- @AfterMethod configAM -->
  <testcase classname="com.crm.comcast.generalUtility.BaseAnnotationClass" name="@BeforeMethod configBM" time="-1.63794292913E9">
    <skipped/>
  </testcase> <!-- @BeforeMethod configBM -->
  <testcase classname="com.crm.comcast.generalUtility.BaseAnnotationClass" name="@AfterMethod configAM" time="-1.63794292914E9">
    <skipped/>
  </testcase> <!-- @AfterMethod configAM -->
  <testcase classname="com.crm.comcast.generalUtility.BaseAnnotationClass" name="@AfterClass configAC" time="-1.637942929142E9">
    <skipped/>
  </testcase> <!-- @AfterClass configAC -->
  <testcase classname="Vtigerwithpomrepository.CreateContactwithpomlibTest" name="CreatecontactwithOrgTest" time="0.0">
    <skipped/>
  </testcase> <!-- CreatecontactwithOrgTest -->
  <testcase classname="Vtigerwithpomrepository.CreateContactwithpomlibTest" name="createContact" time="0.0">
    <skipped/>
  </testcase> <!-- createContact -->
  <testcase classname="Vtigerwithpomrepository.CreateOrgwithpomlibTest" name="createOrg" time="0.0">
    <skipped/>
  </testcase> <!-- createOrg -->
  <testcase classname="Vtigerwithpomrepository.CreateOrgwithpomlibTest" name="createOrgwithIndusType" time="0.0">
    <skipped/>
  </testcase> <!-- createOrgwithIndusType -->
  <testcase classname="com.crm.comcast.generalUtility.BaseAnnotationClass" name="@BeforeSuite configBS" time="0.0">
    <ignored/>
  </testcase> <!-- @BeforeSuite configBS -->
  <testcase classname="com.crm.comcast.generalUtility.BaseAnnotationClass" name="@AfterSuite configAS" time="0.0">
    <ignored/>
  </testcase> <!-- @AfterSuite configAS -->
</testsuite> <!-- Test -->
